#
# There is insufficient memory for the Java Runtime Environment to continue.
# Native memory allocation (mmap) failed to map 255852544 bytes. Error detail: G1 virtual space
# Possible reasons:
#   The system is out of physical RAM or swap space
#   This process is running with CompressedOops enabled, and the Java Heap may be blocking the growth of the native heap
# Possible solutions:
#   Reduce memory load on the system
#   Increase physical memory or swap space
#   Check if swap backing store is full
#   Decrease Java heap size (-Xmx/-Xms)
#   Decrease number of Java threads
#   Decrease Java thread stack sizes (-Xss)
#   Set larger code cache with -XX:ReservedCodeCacheSize=
#   JVM is running with Zero Based Compressed Oops mode in which the Java heap is
#     placed in the first 32GB address space. The Java Heap base address is the
#     maximum limit for the native heap growth. Please use -XX:HeapBaseMinAddress
#     to set the Java Heap base and to place the Java Heap above 32GB virtual address.
# This output file may be truncated or incomplete.
#
#  Out of Memory Error (os_windows.cpp:3898), pid=39076, tid=38284
#
# JRE version:  (21.0.6) (build )
# Java VM: OpenJDK 64-Bit Server VM (21.0.6+-13391695-b895.109, mixed mode, sharing, tiered, compressed oops, compressed class ptrs, g1 gc, windows-amd64)
# No core dump will be written. Minidumps are not enabled by default on client versions of Windows
#

---------------  S U M M A R Y ------------

Command Line: org.jetbrains.kotlin.cli.jvm.K2JVMCompiler @D:\SEMESTER 3\CountryApp\app\build\20250923_14421878539974787828.compiler.options

Host: AMD Ryzen 7 7735HS with Radeon Graphics        , 16 cores, 15G,  Windows 11 , 64 bit Build 26100 (10.0.26100.4202)
Time: Tue Sep 23 12:50:49 2025 SE Asia Standard Time elapsed time: 0.020022 seconds (0d 0h 0m 0s)

---------------  T H R E A D  ---------------

Current thread (0x0000012cc4a31820):  JavaThread "Unknown thread" [_thread_in_vm, id=38284, stack(0x0000000f32a00000,0x0000000f32b00000) (1024K)]

Stack: [0x0000000f32a00000,0x0000000f32b00000]
Native frames: (J=compiled Java code, j=interpreted, Vv=VM code, C=native code)
V  [jvm.dll+0x6d0639]
V  [jvm.dll+0x85eb03]
V  [jvm.dll+0x86105e]
V  [jvm.dll+0x861743]
V  [jvm.dll+0x27e6e6]
V  [jvm.dll+0x6ccfd5]
V  [jvm.dll+0x6c0a8a]
V  [jvm.dll+0x35537b]
V  [jvm.dll+0x35cfd6]
V  [jvm.dll+0x3aef86]
V  [jvm.dll+0x3af258]
V  [jvm.dll+0x327a2c]
V  [jvm.dll+0x32871b]
V  [jvm.dll+0x826549]
V  [jvm.dll+0x3bc158]
V  [jvm.dll+0x80f7f8]
V  [jvm.dll+0x45035e]
V  [jvm.dll+0x451ac1]
C  [jli.dll+0x52ab]
C  [ucrtbase.dll+0x37b0]
C  [KERNEL32.DLL+0x2e8d7]
C  [ntdll.dll+0x3c34c]


---------------  P R O C E S S  ---------------

Threads class SMR info:
_java_thread_list=0x00007ffcfe811848, length=0, elements={
}

Java Threads: ( => current thread )
Total: 0

Other Threads:
  0x0000012cc6e524d0 WorkerThread "GC Thread#0"                     [id=39268, stack(0x0000000f32b00000,0x0000000f32c00000) (1024K)]
  0x0000012cc6e637c0 ConcurrentGCThread "G1 Main Marker"            [id=30356, stack(0x0000000f32c00000,0x0000000f32d00000) (1024K)]
  0x0000012cc6e66970 WorkerThread "G1 Conc#0"                       [id=39788, stack(0x0000000f32d00000,0x0000000f32e00000) (1024K)]

[error occurred during error reporting (printing all threads), id 0xc0000005, EXCEPTION_ACCESS_VIOLATION (0xc0000005) at pc=0x00007ffcfe00aa87]
VM state: not at safepoint (not fully initialized)

VM Mutex/Monitor currently owned by a thread:  ([mutex/lock_event])
[0x00007ffcfe87e4a0] Heap_lock - owner thread: 0x0000012cc4a31820

Heap address: 0x000000070c000000, size: 3904 MB, Compressed Oops mode: Zero based, Oop shift amount: 3

CDS archive(s) mapped at: [0x0000000000000000-0x0000000000000000-0x0000000000000000), size 0, SharedBaseAddress: 0x0000000800000000, ArchiveRelocationMode: 1.
Narrow klass base: 0x0000000000000000, Narrow klass shift: 0, Narrow klass range: 0x0

GC Precious Log:
 CardTable entry size: 512
 Card Set container configuration: InlinePtr #cards 4 size 8 Array Of Cards #cards 16 size 48 Howl #buckets 8 coarsen threshold 3686 Howl Bitmap #cards 512 size 80 coarsen threshold 460 Card regions per heap region 1 cards per card region 4096

Heap:
 garbage-first heap   total 0K, used 0K [0x000000070c000000, 0x0000000800000000)
  region size 2048K, 0 young (0K), 0 survivors (0K)
 Metaspace       used 0K, committed 0K, reserved 0K
  class space    used 0K, committed 0K, reserved 0K

Heap Regions: E=young(eden), S=young(survivor), O=old, HS=humongous(starts), HC=humongous(continues), CS=collection set, F=free, TAMS=top-at-mark-start, PB=parsable bottom

Card table byte_map: [0x0000012cd9f60000,0x0000012cda700000] _byte_map_base: 0x0000012cd6700000

Marking Bits: (CMBitMap*) 0x0000012cc6e52bd0
 Bits: [0x0000012cda700000, 0x0000012cde400000)

GC Heap History (0 events):
No events

Dll operation events (1 events):
Event: 0.014 Loaded shared library C:\Program Files\Android\Android Studio\jbr\bin\java.dll

Deoptimization events (0 events):
No events

Classes loaded (0 events):
No events

Classes unloaded (0 events):
No events

Classes redefined (0 events):
No events

Internal exceptions (0 events):
No events

ZGC Phase Switch (0 events):
No events

VM Operations (0 events):
No events

Memory protections (0 events):
No events

Nmethod flushes (0 events):
No events

Events (0 events):
No events


Dynamic libraries:
0x00007ff70a9e0000 - 0x00007ff70a9ea000 	C:\Program Files\Android\Android Studio\jbr\bin\java.exe
0x00007ffe1c460000 - 0x00007ffe1c6c5000 	C:\WINDOWS\SYSTEM32\ntdll.dll
0x00007ffde4070000 - 0x00007ffde408a000 	C:\Program Files\Avast Software\Avast\aswhook.dll
0x00007ffe1ae20000 - 0x00007ffe1aee9000 	C:\WINDOWS\System32\KERNEL32.DLL
0x00007ffe195b0000 - 0x00007ffe19998000 	C:\WINDOWS\System32\KERNELBASE.dll
0x00007ffe19e00000 - 0x00007ffe19f4b000 	C:\WINDOWS\System32\ucrtbase.dll
0x00007ffe0b620000 - 0x00007ffe0b638000 	C:\Program Files\Android\Android Studio\jbr\bin\jli.dll
0x00007ffe01bd0000 - 0x00007ffe01beb000 	C:\Program Files\Android\Android Studio\jbr\bin\VCRUNTIME140.dll
0x00007ffe1a200000 - 0x00007ffe1a3ca000 	C:\WINDOWS\System32\USER32.dll
0x00007ffe02d10000 - 0x00007ffe02faa000 	C:\WINDOWS\WinSxS\amd64_microsoft.windows.common-controls_6595b64144ccf1df_6.0.26100.4202_none_3e0698d4e335f517\COMCTL32.dll
0x00007ffe19dd0000 - 0x00007ffe19df7000 	C:\WINDOWS\System32\win32u.dll
0x00007ffe1c370000 - 0x00007ffe1c419000 	C:\WINDOWS\System32\msvcrt.dll
0x00007ffe1ac00000 - 0x00007ffe1ac2b000 	C:\WINDOWS\System32\GDI32.dll
0x00007ffe19a50000 - 0x00007ffe19b87000 	C:\WINDOWS\System32\gdi32full.dll
0x00007ffe199a0000 - 0x00007ffe19a43000 	C:\WINDOWS\System32\msvcp_win.dll
0x00007ffe1b3b0000 - 0x00007ffe1b3e0000 	C:\WINDOWS\System32\IMM32.DLL
0x00007ffe0aa60000 - 0x00007ffe0aa6c000 	C:\Program Files\Android\Android Studio\jbr\bin\vcruntime140_1.dll
0x00007ffe0a090000 - 0x00007ffe0a11d000 	C:\Program Files\Android\Android Studio\jbr\bin\msvcp140.dll
0x00007ffcfdcd0000 - 0x00007ffcfe95b000 	C:\Program Files\Android\Android Studio\jbr\bin\server\jvm.dll
0x00007ffe1b290000 - 0x00007ffe1b343000 	C:\WINDOWS\System32\ADVAPI32.dll
0x00007ffe1a4d0000 - 0x00007ffe1a576000 	C:\WINDOWS\System32\sechost.dll
0x00007ffe1b670000 - 0x00007ffe1b785000 	C:\WINDOWS\System32\RPCRT4.dll
0x00007ffe1b210000 - 0x00007ffe1b284000 	C:\WINDOWS\System32\WS2_32.dll
0x00007ffe19400000 - 0x00007ffe1945e000 	C:\WINDOWS\SYSTEM32\POWRPROF.dll
0x00007ffe0d190000 - 0x00007ffe0d1c5000 	C:\WINDOWS\SYSTEM32\WINMM.dll
0x00007ffe124f0000 - 0x00007ffe124fb000 	C:\WINDOWS\SYSTEM32\VERSION.dll
0x00007ffe193e0000 - 0x00007ffe193f4000 	C:\WINDOWS\SYSTEM32\UMPDC.dll
0x00007ffe18370000 - 0x00007ffe1838b000 	C:\WINDOWS\SYSTEM32\kernel.appcore.dll
0x00007ffe0a610000 - 0x00007ffe0a61a000 	C:\Program Files\Android\Android Studio\jbr\bin\jimage.dll
0x00007ffe16620000 - 0x00007ffe16861000 	C:\WINDOWS\SYSTEM32\DBGHELP.DLL
0x00007ffe1bfe0000 - 0x00007ffe1c365000 	C:\WINDOWS\System32\combase.dll
0x00007ffe1b790000 - 0x00007ffe1b871000 	C:\WINDOWS\System32\OLEAUT32.dll
0x00007ffe04f60000 - 0x00007ffe04f99000 	C:\WINDOWS\SYSTEM32\dbgcore.DLL
0x00007ffe19fe0000 - 0x00007ffe1a079000 	C:\WINDOWS\System32\bcryptPrimitives.dll
0x00007ffdf2c40000 - 0x00007ffdf2c60000 	C:\Program Files\Android\Android Studio\jbr\bin\java.dll

dbghelp: loaded successfully - version: 4.0.5 - missing functions: none
symbol engine: initialized successfully - sym options: 0x614 - pdb path: .;C:\Program Files\Android\Android Studio\jbr\bin;C:\WINDOWS\SYSTEM32;C:\Program Files\Avast Software\Avast;C:\WINDOWS\WinSxS\amd64_microsoft.windows.common-controls_6595b64144ccf1df_6.0.26100.4202_none_3e0698d4e335f517;C:\Program Files\Android\Android Studio\jbr\bin\server

VM Arguments:
java_command: org.jetbrains.kotlin.cli.jvm.K2JVMCompiler @D:\SEMESTER 3\CountryApp\app\build\20250923_14421878539974787828.compiler.options
java_class_path (initial): C:\Users\ASUS\.gradle\caches\modules-2\files-2.1\org.jetbrains.kotlin\kotlin-compiler-embeddable\2.0.21\79346ed53db48b18312a472602eb5c057070c54d\kotlin-compiler-embeddable-2.0.21.jar;C:\Users\ASUS\.gradle\caches\modules-2\files-2.1\org.jetbrains.kotlin\kotlin-stdlib\2.0.21\618b539767b4899b4660a83006e052b63f1db551\kotlin-stdlib-2.0.21.jar;C:\Users\ASUS\.gradle\caches\modules-2\files-2.1\org.jetbrains.kotlin\kotlin-script-runtime\2.0.21\c9b044380ad41f89aa89aa896c2d32a8c0b2129d\kotlin-script-runtime-2.0.21.jar;C:\Users\ASUS\.gradle\caches\modules-2\files-2.1\org.jetbrains.kotlin\kotlin-reflect\1.6.10\1cbe9c92c12a94eea200d23c2bbaedaf3daf5132\kotlin-reflect-1.6.10.jar;C:\Users\ASUS\.gradle\caches\modules-2\files-2.1\org.jetbrains.kotlin\kotlin-daemon-embeddable\2.0.21\c9e933b23287de9b5a17e2116b4657bb91aea72c\kotlin-daemon-embeddable-2.0.21.jar;C:\Users\ASUS\.gradle\caches\modules-2\files-2.1\org.jetbrains.intellij.deps\trove4j\1.0.20200330\3afb14d5f9ceb459d724e907a21145e8ff394f02\trove4j-1.0.20200330.jar;C:\Users\ASUS\.gradle\caches\modules-2\files-2.1\org.jetbrains.kotlinx\kotlinx-coroutines-core-jvm\1.6.4\2c997cd1c0ef33f3e751d3831929aeff1390cb30\kotlinx-coroutines-core-jvm-1.6.4.jar;C:\Users\ASUS\.gradle\caches\modules-2\files-2.1\org.jetbrains\annotations\13.0\919f0dfe192fb4e063e7dacadee7f8bb9a2672a9\annotations-13.0.jar
Launcher Type: SUN_STANDARD

[Global flags]
     intx CICompilerCount                          = 12                                        {product} {ergonomic}
     uint ConcGCThreads                            = 3                                         {product} {ergonomic}
     uint G1ConcRefinementThreads                  = 13                                        {product} {ergonomic}
   size_t G1HeapRegionSize                         = 2097152                                   {product} {ergonomic}
    uintx GCDrainStackTargetSize                   = 64                                        {product} {ergonomic}
   size_t InitialHeapSize                          = 255852544                                 {product} {ergonomic}
   size_t MarkStackSize                            = 4194304                                   {product} {ergonomic}
   size_t MaxHeapSize                              = 4093640704                                {product} {ergonomic}
   size_t MinHeapDeltaBytes                        = 2097152                                   {product} {ergonomic}
   size_t MinHeapSize                              = 8388608                                   {product} {ergonomic}
    uintx NonNMethodCodeHeapSize                   = 7602480                                {pd product} {ergonomic}
    uintx NonProfiledCodeHeapSize                  = 122027880                              {pd product} {ergonomic}
    uintx ProfiledCodeHeapSize                     = 122027880                              {pd product} {ergonomic}
    uintx ReservedCodeCacheSize                    = 251658240                              {pd product} {ergonomic}
     bool SegmentedCodeCache                       = true                                      {product} {ergonomic}
   size_t SoftMaxHeapSize                          = 4093640704                             {manageable} {ergonomic}
     bool UseCompressedOops                        = true                           {product lp64_product} {ergonomic}
     bool UseG1GC                                  = true                                      {product} {ergonomic}
     bool UseLargePagesIndividualAllocation        = false                                  {pd product} {ergonomic}

Logging:
Log output configuration:
 #0: stdout all=warning uptime,level,tags foldmultilines=false
 #1: stderr all=off uptime,level,tags foldmultilines=false

Environment Variables:
PATH=C:\Python313\Scripts\;C:\Python313\;D:\oracle\dbhomeXE\bin;C:\Windows\system32;C:\Windows;C:\Windows\System32\Wbem;C:\Windows\System32\WindowsPowerShell\v1.0\;C:\Windows\System32\OpenSSH\;C:\Program Files (x86)\NVIDIA Corporation\PhysX\Common;C:\Program Files\NVIDIA Corporation\NVIDIA app\NvDLISR;C:\Program Files\dotnet\;D:\xampp\php;C:\WINDOWS\system32;C:\WINDOWS;C:\WINDOWS\System32\Wbem;C:\WINDOWS\System32\WindowsPowerShell\v1.0\;C:\WINDOWS\System32\OpenSSH\;C:\Program Files\Git\cmd;C:\Program Files\nodejs\;C:\ProgramData\chocolatey\bin;C:\ProgramData\ComposerSetup\bin;D:\xampp\php;;C:\Users\ASUS\.config\herd\bin\nvm;C:\Program Files\nodejs;C:\Users\ASUS\.config\herd\bin;C:\Users\ASUS\AppData\Local\Programs\Python\Launcher\;C:\Users\ASUS\AppData\Local\Microsoft\WindowsApps;C:\Users\ASUS\AppData\Local\Programs\Microsoft VS Code\bin;;C:\Users\ASUS\AppData\Local\spicetify;C:\Users\ASUS\AppData\Roaming\npm;C:\Users\ASUS\AppData\Roaming\Composer\vendor\bin
USERNAME=ASUS
OS=Windows_NT
PROCESSOR_IDENTIFIER=AMD64 Family 25 Model 68 Stepping 1, AuthenticAMD
TMP=C:\Users\ASUS\AppData\Local\Temp
TEMP=C:\Users\ASUS\AppData\Local\Temp




Periodic native trim disabled

JNI global refs:
JNI global refs: 0, weak refs: 0

JNI global refs memory usage: 0, weak refs: 0

Process memory usage:
Resident Set Size: 13196K (0% of 15985576K total physical memory with 753632K free physical memory)

OOME stack traces (most recent first):
Classloader memory used:

---------------  S Y S T E M  ---------------

OS:
 Windows 11 , 64 bit Build 26100 (10.0.26100.4202)
OS uptime: 0 days 2:04 hours
Hyper-V role detected

CPU: total 16 (initial active 16) (16 cores per cpu, 2 threads per core) family 25 model 68 stepping 1 microcode 0xa404107, cx8, cmov, fxsr, ht, mmx, 3dnowpref, sse, sse2, sse3, ssse3, sse4a, sse4.1, sse4.2, popcnt, lzcnt, tsc, tscinvbit, avx, avx2, aes, erms, clmul, bmi1, bmi2, adx, sha, fma, vzeroupper, clflush, clflushopt, hv, rdtscp, rdpid, fsrm, f16c, cet_ss
Processor Information for the first 16 processors :
  Max Mhz: 3201, Current Mhz: 3201, Mhz Limit: 3201

Memory: 4k page, system-wide physical 15610M (735M free)
TotalPageFile size 27049M (AvailPageFile size 246M)
current process WorkingSet (physical memory assigned to process): 12M, peak: 12M
current process commit charge ("private bytes"): 70M, peak: 314M

vm_info: OpenJDK 64-Bit Server VM (21.0.6+-13391695-b895.109) for windows-amd64 JRE (21.0.6+-13391695-b895.109), built on 2025-04-22T21:19:17Z by "builder" with MS VC++ 16.10 / 16.11 (VS2019)

END.
